<?xml version="1.0" encoding="UTF-8"?>
<!-- Generated by org.testng.reporters.JUnitXMLReporter -->
<testsuite ignored="4" hostname="LAPTOP-Q4DCNU94" failures="2" tests="8" name="Add Fashion product" time="23.071" errors="0" timestamp="2024-09-11T09:32:01 IST">
  <testcase classname="fita.tests.Test001" name="openUrl" time="7.268"/>
  <testcase classname="fita.tests.Test003" name="openUrl" time="7.268"/>
  <testcase classname="fita.tests.Test001" name="loginApp" time="1.178">
    <failure type="org.apache.poi.openxml4j.exceptions.OpenXML4JRuntimeException" message="Fail to save: an error occurs while saving the package : The part /xl/theme/theme1.xml failed to be saved in the stream with marshaller org.apache.poi.openxml4j.opc.internal.marshallers.DefaultMarshaller@4acbf86f. Enable logging via Log4j 2 for more details.">
      <![CDATA[org.apache.poi.openxml4j.exceptions.OpenXML4JRuntimeException: Fail to save: an error occurs while saving the package : The part /xl/theme/theme1.xml failed to be saved in the stream with marshaller org.apache.poi.openxml4j.opc.internal.marshallers.DefaultMarshaller@4acbf86f. Enable logging via Log4j 2 for more details.
at org.apache.poi.openxml4j.opc.ZipPackage.saveImpl(ZipPackage.java:643)
at org.apache.poi.openxml4j.opc.OPCPackage.save(OPCPackage.java:1532)
at org.apache.poi.openxml4j.opc.OPCPackage.save(OPCPackage.java:1519)
at org.apache.poi.openxml4j.opc.ZipPackage.closeImpl(ZipPackage.java:515)
at org.apache.poi.openxml4j.opc.OPCPackage.close(OPCPackage.java:502)
at org.apache.poi.ooxml.POIXMLDocument.close(POIXMLDocument.java:189)
at org.apache.poi.xssf.usermodel.XSSFWorkbook.close(XSSFWorkbook.java:640)
at fita.utilites.Utilities.getPassword(Utilities.java:49)
at fita.pageobjects.LoginPage.enterUserpassword(LoginPage.java:24)
at fita.pageobjects.LoginPage.performLogin(LoginPage.java:35)
at fita.tests.Test001.loginApp(Test001.java:45)
at java.base/java.util.concurrent.ThreadPoolExecutor.runWorker(ThreadPoolExecutor.java:1128)
at java.base/java.util.concurrent.ThreadPoolExecutor$Worker.run(ThreadPoolExecutor.java:628)
at java.base/java.lang.Thread.run(Thread.java:834)
Caused by: org.apache.poi.openxml4j.exceptions.OpenXML4JException: The part /xl/theme/theme1.xml failed to be saved in the stream with marshaller org.apache.poi.openxml4j.opc.internal.marshallers.DefaultMarshaller@4acbf86f. Enable logging via Log4j 2 for more details.
at org.apache.poi.openxml4j.opc.ZipPackage.saveImpl(ZipPackage.java:632)
... 25 more
... Removed 12 stack frames]]>
    </failure>
  </testcase> <!-- loginApp -->
  <testcase classname="fita.tests.Test001" name="addProduct" time="0.0">
    <skipped/>
  </testcase> <!-- addProduct -->
  <testcase classname="fita.tests.Test001" name="checkIfProductAdded" time="0.0">
    <skipped/>
  </testcase> <!-- checkIfProductAdded -->
  <testcase classname="fita.tests.Test003" name="loginApp" time="6.695">
    <failure type="org.openqa.selenium.NoSuchElementException" message="no such element: Unable to locate element: {&amp;quot;method&amp;quot;:&amp;quot;xpath&amp;quot;,&amp;quot;selector&amp;quot;:&amp;quot;//button[text()=&amp;apos; HOME &amp;apos;]&amp;quot;}
  (Session info: chrome=128.0.6613.120)
For documentation on this error, please visit: https://www.selenium.dev/documentation/webdriver/troubleshooting/errors#no-such-element-exception
Build info: version: &amp;apos;4.20.0&amp;apos;, revision: &amp;apos;866c76ca80&amp;apos;
System info: os.name: &amp;apos;Windows 11&amp;apos;, os.arch: &amp;apos;amd64&amp;apos;, os.version: &amp;apos;10.0&amp;apos;, java.version: &amp;apos;11.0.14&amp;apos;
Driver info: org.openqa.selenium.chrome.ChromeDriver
Command: [0e336da797e5dcfa84e1b37c57c84d77, findElement {using=xpath, value=//button[text()=&amp;apos; HOME &amp;apos;]}]
Capabilities {acceptInsecureCerts: false, browserName: chrome, browserVersion: 128.0.6613.120, chrome: {chromedriverVersion: 127.0.6533.88 (a2d0cb026721..., userDataDir: C:\Users\karth\AppData\Loca...}, fedcm:accounts: true, goog:chromeOptions: {debuggerAddress: localhost:51758}, networkConnectionEnabled: false, pageLoadStrategy: normal, platformName: windows, proxy: Proxy(), se:cdp: ws://localhost:51758/devtoo..., se:cdpVersion: 128.0.6613.120, setWindowRect: true, strictFileInteractability: false, timeouts: {implicit: 0, pageLoad: 300000, script: 30000}, unhandledPromptBehavior: dismiss and notify, webauthn:extension:credBlob: true, webauthn:extension:largeBlob: true, webauthn:extension:minPinLength: true, webauthn:extension:prf: true, webauthn:virtualAuthenticators: true}
Session ID: 0e336da797e5dcfa84e1b37c57c84d77">
      <![CDATA[org.openqa.selenium.NoSuchElementException: no such element: Unable to locate element: {"method":"xpath","selector":"//button[text()=' HOME ']"}
  (Session info: chrome=128.0.6613.120)
For documentation on this error, please visit: https://www.selenium.dev/documentation/webdriver/troubleshooting/errors#no-such-element-exception
Build info: version: '4.20.0', revision: '866c76ca80'
System info: os.name: 'Windows 11', os.arch: 'amd64', os.version: '10.0', java.version: '11.0.14'
Driver info: org.openqa.selenium.chrome.ChromeDriver
Command: [0e336da797e5dcfa84e1b37c57c84d77, findElement {using=xpath, value=//button[text()=' HOME ']}]
Capabilities {acceptInsecureCerts: false, browserName: chrome, browserVersion: 128.0.6613.120, chrome: {chromedriverVersion: 127.0.6533.88 (a2d0cb026721..., userDataDir: C:\Users\karth\AppData\Loca...}, fedcm:accounts: true, goog:chromeOptions: {debuggerAddress: localhost:51758}, networkConnectionEnabled: false, pageLoadStrategy: normal, platformName: windows, proxy: Proxy(), se:cdp: ws://localhost:51758/devtoo..., se:cdpVersion: 128.0.6613.120, setWindowRect: true, strictFileInteractability: false, timeouts: {implicit: 0, pageLoad: 300000, script: 30000}, unhandledPromptBehavior: dismiss and notify, webauthn:extension:credBlob: true, webauthn:extension:largeBlob: true, webauthn:extension:minPinLength: true, webauthn:extension:prf: true, webauthn:virtualAuthenticators: true}
Session ID: 0e336da797e5dcfa84e1b37c57c84d77
at org.openqa.selenium.remote.ErrorCodec.decode(ErrorCodec.java:167)
at org.openqa.selenium.remote.codec.w3c.W3CHttpResponseCodec.decode(W3CHttpResponseCodec.java:138)
at org.openqa.selenium.remote.codec.w3c.W3CHttpResponseCodec.decode(W3CHttpResponseCodec.java:50)
at org.openqa.selenium.remote.HttpCommandExecutor.execute(HttpCommandExecutor.java:190)
at org.openqa.selenium.remote.service.DriverCommandExecutor.invokeExecute(DriverCommandExecutor.java:216)
at org.openqa.selenium.remote.service.DriverCommandExecutor.execute(DriverCommandExecutor.java:174)
at org.openqa.selenium.remote.RemoteWebDriver.execute(RemoteWebDriver.java:518)
at org.openqa.selenium.remote.ElementLocation$ElementFinder$2.findElement(ElementLocation.java:165)
at org.openqa.selenium.remote.ElementLocation.findElement(ElementLocation.java:59)
at org.openqa.selenium.remote.RemoteWebDriver.findElement(RemoteWebDriver.java:355)
at org.openqa.selenium.remote.RemoteWebDriver.findElement(RemoteWebDriver.java:349)
at fita.tests.Test003.loginApp(Test003.java:42)
at java.base/java.util.concurrent.ThreadPoolExecutor.runWorker(ThreadPoolExecutor.java:1128)
at java.base/java.util.concurrent.ThreadPoolExecutor$Worker.run(ThreadPoolExecutor.java:628)
at java.base/java.lang.Thread.run(Thread.java:834)
... Removed 16 stack frames]]>
    </failure>
  </testcase> <!-- loginApp -->
  <testcase classname="fita.tests.Test003" name="addProductIphone" time="0.0">
    <skipped/>
  </testcase> <!-- addProductIphone -->
  <testcase classname="fita.tests.Test003" name="checkIfProductAdded" time="0.0">
    <skipped/>
  </testcase> <!-- checkIfProductAdded -->
  <testcase classname="fita.utilites.BaseClass" name="@AfterTest closeConnection" time="0.0">
    <ignored/>
  </testcase> <!-- @AfterTest closeConnection -->
  <testcase classname="fita.utilites.BaseClass" name="@BeforeSuite openURL" time="0.0">
    <ignored/>
  </testcase> <!-- @BeforeSuite openURL -->
  <testcase classname="fita.utilites.BaseClass" name="@BeforeTest loadURL" time="0.0">
    <ignored/>
  </testcase> <!-- @BeforeTest loadURL -->
  <testcase classname="fita.utilites.BaseClass" name="@AfterSuite end" time="0.0">
    <ignored/>
  </testcase> <!-- @AfterSuite end -->
</testsuite> <!-- Add Fashion product -->
